Using TensorFlow backend.
running
['/mnt/focus/Caplan/Yi/codeForMt/microtubuleQuant/1_segmentation/models/preTrainedMt/eval_input/001_HopR1_LifeAct_1_Maximum intensity projection.png', '/mnt/focus/Caplan/Yi/codeForMt/microtubuleQuant/1_segmentation/models/preTrainedMt/eval_input/025_Actin-TagRFP_KSE2-Citrine_FastAiryscan__AiryScanProcessed_20190109_171253(1)_Maximumintensityprojection.czi-C=1.png', '/mnt/focus/Caplan/Yi/codeForMt/microtubuleQuant/1_segmentation/models/preTrainedMt/eval_input/026_Actin-TagRFP_KSE2-Citrine_FastAiryscan__AiryScanProcessed_20190109_172427_Maximumintensityprojection.czi-C=1.png', '/mnt/focus/Caplan/Yi/codeForMt/microtubuleQuant/1_segmentation/models/preTrainedMt/eval_input/027_Actin-TagRFP_KSE2-Citrine_FastAiryscan__AiryScanProcessed_20190109_173758_Maximumintensityprojection.czi-C=1.png', '/mnt/focus/Caplan/Yi/codeForMt/microtubuleQuant/1_segmentation/models/preTrainedMt/eval_input/034_Actin-TagRFP_KSE2-Citrine_FastAiryscan__AiryScanProcessed_20190112_125115_Maximumintensityprojection.czi-C=1.png', '/mnt/focus/Caplan/Yi/codeForMt/microtubuleQuant/1_segmentation/models/preTrainedMt/eval_input/035_Actin-TagRFP_KSE2-Citrine_FastAiryscan__AiryScanProcessed_20190112_130606_Maximumintensityprojection.czi-C=1.png', '/mnt/focus/Caplan/Yi/codeForMt/microtubuleQuant/1_segmentation/models/preTrainedMt/eval_input/C2-011_Actin-TagRFP_KSE2-Citrine_FastAiryscan__AiryScanProcessed_20181218_175024_Maximumintensityprojection.png', '/mnt/focus/Caplan/Yi/codeForMt/microtubuleQuant/1_segmentation/models/preTrainedMt/eval_input/C2-036_Actin-TagRFP_KSE2-Citrine_FastAiryscan__AiryScanProcessed_20190112_131511_Maximumintensityprojection.png', '/mnt/focus/Caplan/Yi/codeForMt/microtubuleQuant/1_segmentation/models/preTrainedMt/eval_input/C2-037_Actin-TagRFP_KSE2-Citrine_FastAiryscan__AiryScanProcessed_20190112_132947_Maximumintensityprojection.png', '/mnt/focus/Caplan/Yi/codeForMt/microtubuleQuant/1_segmentation/models/preTrainedMt/eval_input/C2-038_Actin-TagRFP_KSE2-Citrine_FastAiryscan__AiryScanProcessed_20190112_133956_Maximumintensityprojection.png', '/mnt/focus/Caplan/Yi/codeForMt/microtubuleQuant/1_segmentation/models/preTrainedMt/eval_input/C2-042_Actin-TBS67-TagRFP_FastAiryscan__AiryScanProcessed_20190211_134809_Maximumintensityprojection.png', '/mnt/focus/Caplan/Yi/codeForMt/microtubuleQuant/1_segmentation/models/preTrainedMt/eval_input/C2-043_Actin-TBS67-TagRFP_FastAiryscan__AiryScanProcessed_20190211_130007_Maximumintensityprojection.png', '/mnt/focus/Caplan/Yi/codeForMt/microtubuleQuant/1_segmentation/models/preTrainedMt/eval_input/C2-044_Actin-TBS67-TagRFP_FastAiryscan__AiryScanProcessed_20190211_131836_Maximumintensityprojection.png', '/mnt/focus/Caplan/Yi/codeForMt/microtubuleQuant/1_segmentation/models/preTrainedMt/eval_input/HopA1_Sample1_Image1_ts_lifeact_Maximum intensity projection.png', '/mnt/focus/Caplan/Yi/codeForMt/microtubuleQuant/1_segmentation/models/preTrainedMt/eval_input/HopA1_Sample1_Image2_ts_lifeact_Maximum intensity projection.png', '/mnt/focus/Caplan/Yi/codeForMt/microtubuleQuant/1_segmentation/models/preTrainedMt/eval_input/HopA1_Sample1_Image3_ts_lifeact_Maximum intensity projection.png', '/mnt/focus/Caplan/Yi/codeForMt/microtubuleQuant/1_segmentation/models/preTrainedMt/eval_input/HopA1_Sample2_Image1_ts_lifeact_Maximum intensity projection.png', '/mnt/focus/Caplan/Yi/codeForMt/microtubuleQuant/1_segmentation/models/preTrainedMt/eval_input/HopA1_Sample2_Image2_ts_lifeact_Maximum intensity projection.png', '/mnt/focus/Caplan/Yi/codeForMt/microtubuleQuant/1_segmentation/models/preTrainedMt/eval_input/HopA1_Sample2_Image3_ts_lifeact_Maximum intensity projection.png', '/mnt/focus/Caplan/Yi/codeForMt/microtubuleQuant/1_segmentation/models/preTrainedMt/eval_input/HopE1_Sample1_image1_lifeact_ts1_Maximum intensity projection.png', '/mnt/focus/Caplan/Yi/codeForMt/microtubuleQuant/1_segmentation/models/preTrainedMt/eval_input/HopE1_Sample1_image2_lifeact_ts1_Maximum intensity projection.png', '/mnt/focus/Caplan/Yi/codeForMt/microtubuleQuant/1_segmentation/models/preTrainedMt/eval_input/HopE1_Sample1_image3_lifeact_ts1_Maximum intensity projection.png', '/mnt/focus/Caplan/Yi/codeForMt/microtubuleQuant/1_segmentation/models/preTrainedMt/eval_input/HopF2_Sample1_image1_lifeact_ts1_Maximum intensity projection.png', '/mnt/focus/Caplan/Yi/codeForMt/microtubuleQuant/1_segmentation/models/preTrainedMt/eval_input/HopH1_Sample1_Image1_ts_lifeact_Maximum intensity projection.png', '/mnt/focus/Caplan/Yi/codeForMt/microtubuleQuant/1_segmentation/models/preTrainedMt/eval_input/HopH1_Sample1_Image2_ts_lifeact_Maximum intensity projection.png', '/mnt/focus/Caplan/Yi/codeForMt/microtubuleQuant/1_segmentation/models/preTrainedMt/eval_input/HopH1_Sample1_Image3_ts_lifeact_Maximum intensity projection.png', '/mnt/focus/Caplan/Yi/codeForMt/microtubuleQuant/1_segmentation/models/preTrainedMt/eval_input/HopH1_Sample2_Image1_ts_lifeact_Maximum intensity projection.png', '/mnt/focus/Caplan/Yi/codeForMt/microtubuleQuant/1_segmentation/models/preTrainedMt/eval_input/HopH1_Sample2_Image2_ts_lifeact_Maximum intensity projection.png', '/mnt/focus/Caplan/Yi/codeForMt/microtubuleQuant/1_segmentation/models/preTrainedMt/eval_input/HopH1_Sample2_Image3_ts_lifeact_Maximum intensity projection.png', '/mnt/focus/Caplan/Yi/codeForMt/microtubuleQuant/1_segmentation/models/preTrainedMt/eval_input/HopK1_Sample1_Image1_ts_lifeact_Maximum intensity projection.png', '/mnt/focus/Caplan/Yi/codeForMt/microtubuleQuant/1_segmentation/models/preTrainedMt/eval_input/HopK1_Sample1_Image2_ts_lifeact_Maximum intensity projection.png', '/mnt/focus/Caplan/Yi/codeForMt/microtubuleQuant/1_segmentation/models/preTrainedMt/eval_input/HopK1_Sample1_Image3_ts_lifeact_Maximum intensity projection.png', '/mnt/focus/Caplan/Yi/codeForMt/microtubuleQuant/1_segmentation/models/preTrainedMt/eval_input/HopQ1-1_Sample1_image1_lifeact_mip.png', '/mnt/focus/Caplan/Yi/codeForMt/microtubuleQuant/1_segmentation/models/preTrainedMt/eval_input/HopQ1-1_Sample1_image1_lifeact_ts1_Maximum intensity projection.png', '/mnt/focus/Caplan/Yi/codeForMt/microtubuleQuant/1_segmentation/models/preTrainedMt/eval_input/HopQ1-1_Sample1_image2_lifeact_Maximum intensity projection.png', '/mnt/focus/Caplan/Yi/codeForMt/microtubuleQuant/1_segmentation/models/preTrainedMt/eval_input/HopQ1-1_Sample1_image3_lifeact_Maximum intensity projection.png', '/mnt/focus/Caplan/Yi/codeForMt/microtubuleQuant/1_segmentation/models/preTrainedMt/eval_input/Mock_Sample1_Image1_ts_lifeact_Maximum intensity projection.png', '/mnt/focus/Caplan/Yi/codeForMt/microtubuleQuant/1_segmentation/models/preTrainedMt/eval_input/Mock_Sample1_Image2_ts_lifeact_Maximum intensity projection.png', '/mnt/focus/Caplan/Yi/codeForMt/microtubuleQuant/1_segmentation/models/preTrainedMt/eval_input/Mock_Sample1_Image3_ts_lifeact_Maximum intensity projection.png', '/mnt/focus/Caplan/Yi/codeForMt/microtubuleQuant/1_segmentation/models/preTrainedMt/eval_input/Mock_Sample2_Image1_ts_lifeact_Maximum intensity projection.png', '/mnt/focus/Caplan/Yi/codeForMt/microtubuleQuant/1_segmentation/models/preTrainedMt/eval_input/Mock_Sample2_Image2_ts_lifeact_Maximum intensity projection.png', '/mnt/focus/Caplan/Yi/codeForMt/microtubuleQuant/1_segmentation/models/preTrainedMt/eval_input/Mock_Sample2_Image3_ts_lifeact_Maximum intensity projection.png', '/mnt/focus/Caplan/Yi/codeForMt/microtubuleQuant/1_segmentation/models/preTrainedMt/eval_input/control_Sample1_image1_lifeact_ts1_Maximum intensity projection.png', '/mnt/focus/Caplan/Yi/codeForMt/microtubuleQuant/1_segmentation/models/preTrainedMt/eval_input/control_Sample1_image2_lifeact_ts1_Maximum intensity projection.png', '/mnt/focus/Caplan/Yi/codeForMt/microtubuleQuant/1_segmentation/models/preTrainedMt/eval_input/control_Sample1_image4_lifeact_ts1_Maximum intensity projection.png', '/mnt/focus/Caplan/Yi/codeForMt/microtubuleQuant/1_segmentation/models/preTrainedMt/eval_input/control_Sample2_image1_lifeact_ts1_Maximum intensity projection.png', '/mnt/focus/Caplan/Yi/codeForMt/microtubuleQuant/1_segmentation/models/preTrainedMt/eval_input/control_Sample2_image2_lifeact_ts1_Maximum intensity projection.png', '/mnt/focus/Caplan/Yi/codeForMt/microtubuleQuant/1_segmentation/models/preTrainedMt/eval_input/control_Sample2_image3_lifeact_ts1_Maximum intensity projection.png', '/mnt/focus/Caplan/Yi/codeForMt/microtubuleQuant/1_segmentation/models/preTrainedMt/eval_input/control_Sample3_image1_lifeact_ts1_Maximum intensity projection.png', '/mnt/focus/Caplan/Yi/codeForMt/microtubuleQuant/1_segmentation/models/preTrainedMt/eval_input/control_Sample3_image2_lifeact_ts1_Maximum intensity projection.png', '/mnt/focus/Caplan/Yi/codeForMt/microtubuleQuant/1_segmentation/models/preTrainedMt/eval_input/control_mock_no_estradiol_1_Maximum intensity projection.png', '/mnt/focus/Caplan/Yi/codeForMt/microtubuleQuant/1_segmentation/models/preTrainedMt/eval_input/control_mock_no_estradiol_2_Maximum intensity projection.png', '/mnt/focus/Caplan/Yi/codeForMt/microtubuleQuant/1_segmentation/models/preTrainedMt/eval_input/control_mock_no_estradiol_3_Maximum intensity projection.png', '/mnt/focus/Caplan/Yi/codeForMt/microtubuleQuant/1_segmentation/models/preTrainedMt/eval_input/control_mock_no_estradiol_mesophyll.surface_Maximum intensity projection.png']
WARNING:tensorflow:From /usr/lib64/python2.7/site-packages/keras/backend/tensorflow_backend.py:4070: The name tf.nn.max_pool is deprecated. Please use tf.nn.max_pool2d instead.

/mnt/focus/Caplan/Yi/codeForMt/microtubuleQuant/1_segmentation/dsc_segmentation.py:135: UserWarning: Update your `Model` call to the Keras 2 API: `Model(outputs=[<tf.Tenso..., inputs=Tensor("in...)`
  model = Model(input=inputs, output=[conv7, conv27, conv37])
DSC-Unet Loaded
2019-11-27 14:00:21.868332: I tensorflow/core/platform/cpu_feature_guard.cc:142] Your CPU supports instructions that this TensorFlow binary was not compiled to use: AVX2 AVX512F FMA
2019-11-27 14:00:21.879253: I tensorflow/stream_executor/platform/default/dso_loader.cc:42] Successfully opened dynamic library libcuda.so.1
2019-11-27 14:00:22.032962: I tensorflow/compiler/xla/service/service.cc:168] XLA service 0x5629af845300 executing computations on platform CUDA. Devices:
2019-11-27 14:00:22.033024: I tensorflow/compiler/xla/service/service.cc:175]   StreamExecutor device (0): Tesla V100-PCIE-32GB, Compute Capability 7.0
2019-11-27 14:00:22.052016: I tensorflow/core/platform/profile_utils/cpu_utils.cc:94] CPU Frequency: 2300000000 Hz
2019-11-27 14:00:22.052473: I tensorflow/compiler/xla/service/service.cc:168] XLA service 0x5629b05af890 executing computations on platform Host. Devices:
2019-11-27 14:00:22.052498: I tensorflow/compiler/xla/service/service.cc:175]   StreamExecutor device (0): <undefined>, <undefined>
2019-11-27 14:00:22.053888: I tensorflow/core/common_runtime/gpu/gpu_device.cc:1640] Found device 0 with properties: 
name: Tesla V100-PCIE-32GB major: 7 minor: 0 memoryClockRate(GHz): 1.38
pciBusID: 0000:3b:00.0
2019-11-27 14:00:22.054065: I tensorflow/stream_executor/platform/default/dso_loader.cc:53] Could not dlopen library 'libcudart.so.10.0'; dlerror: libcudart.so.10.0: cannot open shared object file: No such file or directory
2019-11-27 14:00:22.054142: I tensorflow/stream_executor/platform/default/dso_loader.cc:53] Could not dlopen library 'libcublas.so.10.0'; dlerror: libcublas.so.10.0: cannot open shared object file: No such file or directory
2019-11-27 14:00:22.054209: I tensorflow/stream_executor/platform/default/dso_loader.cc:53] Could not dlopen library 'libcufft.so.10.0'; dlerror: libcufft.so.10.0: cannot open shared object file: No such file or directory
2019-11-27 14:00:22.054275: I tensorflow/stream_executor/platform/default/dso_loader.cc:53] Could not dlopen library 'libcurand.so.10.0'; dlerror: libcurand.so.10.0: cannot open shared object file: No such file or directory
2019-11-27 14:00:22.054343: I tensorflow/stream_executor/platform/default/dso_loader.cc:53] Could not dlopen library 'libcusolver.so.10.0'; dlerror: libcusolver.so.10.0: cannot open shared object file: No such file or directory
2019-11-27 14:00:22.054411: I tensorflow/stream_executor/platform/default/dso_loader.cc:53] Could not dlopen library 'libcusparse.so.10.0'; dlerror: libcusparse.so.10.0: cannot open shared object file: No such file or directory
2019-11-27 14:00:22.054489: I tensorflow/stream_executor/platform/default/dso_loader.cc:53] Could not dlopen library 'libcudnn.so.7'; dlerror: libcudnn.so.7: cannot open shared object file: No such file or directory
2019-11-27 14:00:22.054500: W tensorflow/core/common_runtime/gpu/gpu_device.cc:1663] Cannot dlopen some GPU libraries. Skipping registering GPU devices...
2019-11-27 14:00:22.054521: I tensorflow/core/common_runtime/gpu/gpu_device.cc:1181] Device interconnect StreamExecutor with strength 1 edge matrix:
2019-11-27 14:00:22.054533: I tensorflow/core/common_runtime/gpu/gpu_device.cc:1187]      0 
2019-11-27 14:00:22.054542: I tensorflow/core/common_runtime/gpu/gpu_device.cc:1200] 0:   N 
2019-11-27 14:00:22.182351: W tensorflow/compiler/jit/mark_for_compilation_pass.cc:1412] (One-time warning): Not using XLA:CPU for cluster because envvar TF_XLA_FLAGS=--tf_xla_cpu_global_jit was not set.  If you want XLA:CPU, either set that envvar, or use experimental_jit_scope to enable XLA:CPU.  To confirm that XLA is active, pass --vmodule=xla_compilation_cache=1 (as a proper command-line flag, not via TF_XLA_FLAGS) or set the envvar XLA_FLAGS=--xla_hlo_profile.
WARNING:tensorflow:From /usr/lib64/python2.7/site-packages/keras/backend/tensorflow_backend.py:422: The name tf.global_variables is deprecated. Please use tf.compat.v1.global_variables instead.

2019-11-27 14:00:35.948641: W tensorflow/core/framework/allocator.cc:107] Allocation of 1523712000 exceeds 10% of system memory.
2019-11-27 14:00:45.610015: W tensorflow/core/framework/allocator.cc:107] Allocation of 1904640000 exceeds 10% of system memory.
(1200, 2480, 3)
(1200, 2480)
DSC-Unet Loaded
2019-11-27 14:01:03.989740: W tensorflow/core/framework/allocator.cc:107] Allocation of 1335787520 exceeds 10% of system memory.
2019-11-27 14:01:12.285443: W tensorflow/core/framework/allocator.cc:107] Allocation of 1669734400 exceeds 10% of system memory.
(1240, 2104, 3)
(1240, 2104)
DSC-Unet Loaded
2019-11-27 14:01:30.500705: W tensorflow/core/framework/allocator.cc:107] Allocation of 1335787520 exceeds 10% of system memory.
(1240, 2104, 3)
(1240, 2104)
DSC-Unet Loaded
(1240, 2104, 3)
(1240, 2104)
DSC-Unet Loaded
(1240, 2104, 3)
(1240, 2104)
DSC-Unet Loaded
(1240, 2104, 3)
(1240, 2104)
DSC-Unet Loaded
(1240, 2104, 3)
(1240, 2104)
DSC-Unet Loaded
(1240, 2104, 3)
(1240, 2104)
DSC-Unet Loaded
(1240, 2104, 3)
(1240, 2104)
DSC-Unet Loaded
(1240, 2104, 3)
(1240, 2104)
DSC-Unet Loaded
(1240, 2104, 3)
(1240, 2104)
DSC-Unet Loaded
(1240, 2104, 3)
(1240, 2104)
DSC-Unet Loaded
(1240, 2104, 3)
(1240, 2104)
DSC-Unet Loaded
(1200, 2480, 3)
(1200, 2480)
DSC-Unet Loaded
(1200, 2480, 3)
(1200, 2480)
DSC-Unet Loaded
(1200, 2480, 3)
(1200, 2480)
DSC-Unet Loaded
(1200, 2480, 3)
(1200, 2480)
DSC-Unet Loaded
(1200, 2480, 3)
(1200, 2480)
DSC-Unet Loaded
(1200, 2480, 3)
(1200, 2480)
DSC-Unet Loaded
(1200, 2480, 3)
(1200, 2480)
DSC-Unet Loaded
(1200, 2480, 3)
(1200, 2480)
DSC-Unet Loaded
(1200, 2480, 3)
(1200, 2480)
DSC-Unet Loaded
(1200, 2480, 3)
(1200, 2480)
DSC-Unet Loaded
(1200, 2480, 3)
(1200, 2480)
DSC-Unet Loaded
(1200, 2480, 3)
(1200, 2480)
DSC-Unet Loaded
(1200, 2480, 3)
(1200, 2480)
DSC-Unet Loaded
(1200, 2480, 3)
(1200, 2480)
DSC-Unet Loaded
(1200, 2480, 3)
(1200, 2480)
DSC-Unet Loaded
(1200, 2480, 3)
(1200, 2480)
DSC-Unet Loaded
(1200, 2480, 3)
(1200, 2480)
DSC-Unet Loaded
(1200, 2480, 3)
(1200, 2480)
DSC-Unet Loaded
(1200, 2480, 3)
(1200, 2480)
DSC-Unet Loaded
(1200, 2480, 3)
(1200, 2480)
DSC-Unet Loaded
(1200, 2480, 3)
(1200, 2480)
DSC-Unet Loaded
(1200, 2480, 3)
(1200, 2480)
DSC-Unet Loaded
(1200, 2480, 3)
(1200, 2480)
DSC-Unet Loaded
(1200, 2480, 3)
(1200, 2480)
DSC-Unet Loaded
(1200, 2480, 3)
(1200, 2480)
DSC-Unet Loaded
(1200, 2480, 3)
(1200, 2480)
DSC-Unet Loaded
(1200, 2480, 3)
(1200, 2480)
DSC-Unet Loaded
(1200, 2480, 3)
(1200, 2480)
DSC-Unet Loaded
(1200, 2480, 3)
(1200, 2480)
DSC-Unet Loaded
(1200, 2480, 3)
(1200, 2480)
DSC-Unet Loaded
(1200, 2480, 3)
(1200, 2480)
DSC-Unet Loaded
(1200, 2480, 3)
(1200, 2480)
DSC-Unet Loaded
(1200, 2480, 3)
(1200, 2480)
DSC-Unet Loaded
(1200, 2480, 3)
(1200, 2480)
DSC-Unet Loaded
(1200, 2480, 3)
(1200, 2480)
DSC-Unet Loaded
(1200, 2480, 3)
(1200, 2480)
DSC-Unet Loaded
(1200, 2480, 3)
(1200, 2480)
DSC-Unet Loaded
(1200, 2480, 3)
(1200, 2480)
DSC-Unet Loaded
(1200, 2480, 3)
(1200, 2480)
DSC-Unet Loaded
(1200, 2480, 3)
(1200, 2480)
DSC-Unet Loaded
(1200, 2480, 3)
(1200, 2480)
